05-Mar-24 16:10:18 - ---------------------------------------------------------------
05-Mar-24 16:10:18 - ---------------------------------------------------------------
05-Mar-24 16:10:18 - DATAFRAME GENERAL INFO
05-Mar-24 16:10:18 - ---------------------------------------------------------------
05-Mar-24 16:10:18 - ---------------------------------------------------------------
05-Mar-24 16:10:18 - Dataframe has 891 rows, 12 columns and has 10692 data.
05-Mar-24 16:10:18 - Dataframe columns are: 
PassengerId      int64
Survived         int64
Pclass           int64
Name            object
Sex             object
Age            float64
SibSp            int64
Parch            int64
Ticket          object
Fare           float64
Cabin           object
Embarked        object
dtype: object
05-Mar-24 16:10:18 - Dataframe first 10 rows: 
   PassengerId  Survived  Pclass                                               Name     Sex   Age  SibSp  Parch            Ticket     Fare Cabin Embarked
0            1         0       3                            Braund, Mr. Owen Harris    male  22.0      1      0         A/5 21171   7.2500   NaN        S
1            2         1       1  Cumings, Mrs. John Bradley (Florence Briggs Th...  female  38.0      1      0          PC 17599  71.2833   C85        C
2            3         1       3                             Heikkinen, Miss. Laina  female  26.0      0      0  STON/O2. 3101282   7.9250   NaN        S
3            4         1       1       Futrelle, Mrs. Jacques Heath (Lily May Peel)  female  35.0      1      0            113803  53.1000  C123        S
4            5         0       3                           Allen, Mr. William Henry    male  35.0      0      0            373450   8.0500   NaN        S
5            6         0       3                                   Moran, Mr. James    male   NaN      0      0            330877   8.4583   NaN        Q
6            7         0       1                            McCarthy, Mr. Timothy J    male  54.0      0      0             17463  51.8625   E46        S
7            8         0       3                     Palsson, Master. Gosta Leonard    male   2.0      3      1            349909  21.0750   NaN        S
8            9         1       3  Johnson, Mrs. Oscar W (Elisabeth Vilhelmina Berg)  female  27.0      0      2            347742  11.1333   NaN        S
9           10         1       2                Nasser, Mrs. Nicholas (Adele Achem)  female  14.0      1      0            237736  30.0708   NaN        C
05-Mar-24 16:10:18 - dataframe last 10 rows: 
     PassengerId  Survived  Pclass                                      Name     Sex   Age  SibSp  Parch            Ticket     Fare Cabin Embarked
881          882         0       3                        Markun, Mr. Johann    male  33.0      0      0            349257   7.8958   NaN        S
882          883         0       3              Dahlberg, Miss. Gerda Ulrika  female  22.0      0      0              7552  10.5167   NaN        S
883          884         0       2             Banfield, Mr. Frederick James    male  28.0      0      0  C.A./SOTON 34068  10.5000   NaN        S
884          885         0       3                    Sutehall, Mr. Henry Jr    male  25.0      0      0   SOTON/OQ 392076   7.0500   NaN        S
885          886         0       3      Rice, Mrs. William (Margaret Norton)  female  39.0      0      5            382652  29.1250   NaN        Q
886          887         0       2                     Montvila, Rev. Juozas    male  27.0      0      0            211536  13.0000   NaN        S
887          888         1       1              Graham, Miss. Margaret Edith  female  19.0      0      0            112053  30.0000   B42        S
888          889         0       3  Johnston, Miss. Catherine Helen "Carrie"  female   NaN      1      2        W./C. 6607  23.4500   NaN        S
889          890         1       1                     Behr, Mr. Karl Howell    male  26.0      0      0            111369  30.0000  C148        C
890          891         0       3                       Dooley, Mr. Patrick    male  32.0      0      0            370376   7.7500   NaN        Q
05-Mar-24 16:10:18 - ---------------------------------------------------------------
05-Mar-24 16:10:18 - ---------------------------------------------------------------
05-Mar-24 16:10:18 - PASSANGER 148 INFO
05-Mar-24 16:10:18 - ---------------------------------------------------------------
05-Mar-24 16:10:18 - ---------------------------------------------------------------
05-Mar-24 16:10:18 - Info of passanger with id 148: 
     PassengerId  Survived  Pclass                              Name     Sex  Age  SibSp  Parch      Ticket    Fare Cabin Embarked
147          148         0       3  Ford, Miss. Robina Maggie "Ruby"  female  9.0      2      2  W./C. 6608  34.375   NaN        S
05-Mar-24 16:10:18 - ---------------------------------------------------------------
05-Mar-24 16:10:18 - ---------------------------------------------------------------
05-Mar-24 16:10:18 - EVEN ROWS
05-Mar-24 16:10:18 - ---------------------------------------------------------------
05-Mar-24 16:10:18 - ---------------------------------------------------------------
05-Mar-24 16:10:18 - Even rows of dataframe: 
      PassengerId  Survived  Pclass                                               Name     Sex   Age  SibSp  Parch            Ticket     Fare Cabin Embarked
0              1         0       3                            Braund, Mr. Owen Harris    male  22.0      1      0         A/5 21171   7.2500   NaN        S
2              3         1       3                             Heikkinen, Miss. Laina  female  26.0      0      0  STON/O2. 3101282   7.9250   NaN        S
4              5         0       3                           Allen, Mr. William Henry    male  35.0      0      0            373450   8.0500   NaN        S
6              7         0       1                            McCarthy, Mr. Timothy J    male  54.0      0      0             17463  51.8625   E46        S
8              9         1       3  Johnson, Mrs. Oscar W (Elisabeth Vilhelmina Berg)  female  27.0      0      2            347742  11.1333   NaN        S
..           ...       ...     ...                                                ...     ...   ...    ...    ...               ...      ...   ...      ...
882          883         0       3                       Dahlberg, Miss. Gerda Ulrika  female  22.0      0      0              7552  10.5167   NaN        S
884          885         0       3                             Sutehall, Mr. Henry Jr    male  25.0      0      0   SOTON/OQ 392076   7.0500   NaN        S
886          887         0       2                              Montvila, Rev. Juozas    male  27.0      0      0            211536  13.0000   NaN        S
888          889         0       3           Johnston, Miss. Catherine Helen "Carrie"  female   NaN      1      2        W./C. 6607  23.4500   NaN        S
890          891         0       3                                Dooley, Mr. Patrick    male  32.0      0      0            370376   7.7500   NaN        Q

[446 rows x 12 columns]
05-Mar-24 16:10:18 - ---------------------------------------------------------------
05-Mar-24 16:10:18 - ---------------------------------------------------------------
05-Mar-24 16:10:18 - SORTED NAMES OF FIRST CLASS PASSANGERS
05-Mar-24 16:10:18 - ---------------------------------------------------------------
05-Mar-24 16:10:18 - ---------------------------------------------------------------
05-Mar-24 16:10:18 - Sorted names of the passangers in first class: 
730                      Allen, Miss. Elisabeth Walton
305                     Allison, Master. Hudson Trevor
297                       Allison, Miss. Helen Loraine
498    Allison, Mrs. Hudson J C (Bessie Waldo Daniels)
460                                Anderson, Mr. Harry
                            ...                       
155                        Williams, Mr. Charles Duane
351             Williams-Lambert, Mr. Fletcher Fellows
55                                   Woolner, Mr. Hugh
555                                 Wright, Mr. George
325                           Young, Miss. Marie Grice
Name: Name, Length: 216, dtype: object
05-Mar-24 16:10:18 - ---------------------------------------------------------------
05-Mar-24 16:10:18 - ---------------------------------------------------------------
05-Mar-24 16:10:18 - PERCENTAGE OF SURVIVORS
05-Mar-24 16:10:18 - ---------------------------------------------------------------
05-Mar-24 16:10:18 - ---------------------------------------------------------------
05-Mar-24 16:10:18 - 38.38% survived.
05-Mar-24 16:10:18 - 61.62% didn't survived.
05-Mar-24 16:10:18 - ---------------------------------------------------------------
05-Mar-24 16:10:18 - ---------------------------------------------------------------
05-Mar-24 16:10:18 - PERCENTAGE OF CLASS SURVIVORS PER CLASS
05-Mar-24 16:10:18 - ---------------------------------------------------------------
05-Mar-24 16:10:18 - ---------------------------------------------------------------
05-Mar-24 16:10:18 - 62.96% survived in class 1.
05-Mar-24 16:10:18 - 47.28% survived in class 2.
05-Mar-24 16:10:18 - 24.24% survived in class 3.
05-Mar-24 16:10:18 - ---------------------------------------------------------------
05-Mar-24 16:10:18 - ---------------------------------------------------------------
05-Mar-24 16:10:18 - DELETE UNKNOWN AGE
05-Mar-24 16:10:18 - ---------------------------------------------------------------
05-Mar-24 16:10:18 - ---------------------------------------------------------------
05-Mar-24 16:10:18 - New dataframe has 714 rows. 177 were deleted.
05-Mar-24 16:10:18 - ---------------------------------------------------------------
05-Mar-24 16:10:18 - ---------------------------------------------------------------
05-Mar-24 16:10:18 - AVERAGE AGE OF WOMEN PER CLASS
05-Mar-24 16:10:18 - ---------------------------------------------------------------
05-Mar-24 16:10:18 - ---------------------------------------------------------------
05-Mar-24 16:10:18 - The mean woman age in class 1 is: 34.6.
05-Mar-24 16:10:18 - The mean woman age in class 2 is: 28.7.
05-Mar-24 16:10:18 - The mean woman age in class 3 is: 21.8.
05-Mar-24 16:10:18 - ---------------------------------------------------------------
05-Mar-24 16:10:18 - ---------------------------------------------------------------
05-Mar-24 16:10:18 - ADD UNDERAGE COLUMN
05-Mar-24 16:10:18 - ---------------------------------------------------------------
05-Mar-24 16:10:18 - ---------------------------------------------------------------
05-Mar-24 16:10:18 - Added new column Underage: 
      PassengerId  Survived  Pclass                                               Name     Sex   Age  SibSp  Parch            Ticket     Fare Cabin Embarked  Underage
0              1         0       3                            Braund, Mr. Owen Harris    male  22.0      1      0         A/5 21171   7.2500   NaN        S     False
1              2         1       1  Cumings, Mrs. John Bradley (Florence Briggs Th...  female  38.0      1      0          PC 17599  71.2833   C85        C     False
2              3         1       3                             Heikkinen, Miss. Laina  female  26.0      0      0  STON/O2. 3101282   7.9250   NaN        S     False
3              4         1       1       Futrelle, Mrs. Jacques Heath (Lily May Peel)  female  35.0      1      0            113803  53.1000  C123        S     False
4              5         0       3                           Allen, Mr. William Henry    male  35.0      0      0            373450   8.0500   NaN        S     False
..           ...       ...     ...                                                ...     ...   ...    ...    ...               ...      ...   ...      ...       ...
886          887         0       2                              Montvila, Rev. Juozas    male  27.0      0      0            211536  13.0000   NaN        S     False
887          888         1       1                       Graham, Miss. Margaret Edith  female  19.0      0      0            112053  30.0000   B42        S     False
888          889         0       3           Johnston, Miss. Catherine Helen "Carrie"  female   NaN      1      2        W./C. 6607  23.4500   NaN        S     False
889          890         1       1                              Behr, Mr. Karl Howell    male  26.0      0      0            111369  30.0000  C148        C     False
890          891         0       3                                Dooley, Mr. Patrick    male  32.0      0      0            370376   7.7500   NaN        Q     False

[891 rows x 13 columns]
05-Mar-24 16:10:18 - ---------------------------------------------------------------
05-Mar-24 16:10:18 - ---------------------------------------------------------------
05-Mar-24 16:10:18 - PERCENTAGE UNDERAGE SURVIVOR PER CLASS
05-Mar-24 16:10:18 - ---------------------------------------------------------------
05-Mar-24 16:10:18 - ---------------------------------------------------------------
05-Mar-24 16:10:18 - 61.27% of majors in class 1 survived.
05-Mar-24 16:10:18 - 91.67% of underages in class 1 survived.
05-Mar-24 16:10:18 - 40.99% of majors in class 2 survived.
05-Mar-24 16:10:18 - 91.30% of underages in class 2 survived.
05-Mar-24 16:10:18 - 21.79% of majors in class 3 survived.
05-Mar-24 16:10:18 - 37.18% of underages in class 3 survived.
